Flow report for top
Sat Jun 15 01:35:34 2024
Quartus II Version 9.0 Build 132 02/25/2009 SJ Web Edition


---------------------
; Table of Contents ;
---------------------
  1. Legal Notice
  2. Flow Summary
  3. Flow Settings
  4. Flow Non-Default Global Settings
  5. Flow Elapsed Time
  6. Flow OS Summary
  7. Flow Log



----------------
; Legal Notice ;
----------------
Copyright (C) 1991-2009 Altera Corporation
Your use of Altera Corporation's design tools, logic functions 
and other software and tools, and its AMPP partner logic 
functions, and any output files from any of the foregoing 
(including device programming or simulation files), and any 
associated documentation or information are expressly subject 
to the terms and conditions of the Altera Program License 
Subscription Agreement, Altera MegaCore Function License 
Agreement, or other applicable license agreement, including, 
without limitation, that your use is for the sole purpose of 
programming logic devices manufactured by Altera and sold by 
Altera or its authorized distributors.  Please refer to the 
applicable agreement for further details.



+-------------------------------------------------------------------+
; Flow Summary                                                      ;
+-------------------------+-----------------------------------------+
; Flow Status             ; Analyzed - Sat Jun 15 01:35:34 2024     ;
; Quartus II Version      ; 9.0 Build 132 02/25/2009 SJ Web Edition ;
; Revision Name           ; top                                     ;
; Top-level Entity Name   ; top                                     ;
; Family                  ; FLEX10KA                                ;
; Device                  ; EPF10K10ATC144-1                        ;
; Timing Models           ; Final                                   ;
; Met timing requirements ; Yes                                     ;
; Total logic elements    ; 321 / 576 ( 56 % )                      ;
; Total pins              ; 99 / 102 ( 97 % )                       ;
; Total memory bits       ; 0 / 6,144 ( 0 % )                       ;
+-------------------------+-----------------------------------------+


+-----------------------------------------+
; Flow Settings                           ;
+-------------------+---------------------+
; Option            ; Setting             ;
+-------------------+---------------------+
; Start date & time ; 06/15/2024 01:03:31 ;
; Main task         ; Compilation         ;
; Revision Name     ; top                 ;
+-------------------+---------------------+


+--------------------------------------------------------------------------------------------------------------------------------------------------------------+
; Flow Non-Default Global Settings                                                                                                                             ;
+------------------------------------+-----------------------------------------------------------+------------------------------+-------------+----------------+
; Assignment Name                    ; Value                                                     ; Default Value                ; Entity Name ; Section Id     ;
+------------------------------------+-----------------------------------------------------------+------------------------------+-------------+----------------+
; APEX20K_OPTIMIZATION_TECHNIQUE     ; Speed                                                     ; Balanced                     ; --          ; --             ;
; COMPILER_SIGNATURE_ID              ; 0.171842781000832                                         ; --                           ; --          ; --             ;
; CYCLONE_OPTIMIZATION_TECHNIQUE     ; Speed                                                     ; Balanced                     ; --          ; --             ;
; ENABLE_CLOCK_LATENCY               ; On                                                        ; Off                          ; --          ; --             ;
; ENABLE_DRC_SETTINGS                ; On                                                        ; Off                          ; --          ; --             ;
; ENABLE_RECOVERY_REMOVAL_ANALYSIS   ; On                                                        ; Off                          ; --          ; --             ;
; FLEX10K_OPTIMIZATION_TECHNIQUE     ; Speed                                                     ; Area                         ; --          ; --             ;
; INCREMENTAL_COMPILATION            ; Off                                                       ; FULL_INCREMENTAL_COMPILATION ; --          ; --             ;
; MAXII_OPTIMIZATION_TECHNIQUE       ; Speed                                                     ; Balanced                     ; --          ; --             ;
; MERCURY_OPTIMIZATION_TECHNIQUE     ; Speed                                                     ; Area                         ; --          ; --             ;
; MISC_FILE                          ; C:/users/asimonf/Documents/dram-controller/epf10k/top.dpf ; --                           ; --          ; --             ;
; PRE_MAPPING_RESYNTHESIS            ; On                                                        ; Off                          ; --          ; --             ;
; ROUTER_TIMING_OPTIMIZATION_LEVEL   ; MAXIMUM                                                   ; Normal                       ; --          ; --             ;
; SMART_RECOMPILE                    ; On                                                        ; Off                          ; --          ; --             ;
; STRATIXII_OPTIMIZATION_TECHNIQUE   ; Speed                                                     ; Balanced                     ; --          ; --             ;
; STRATIX_OPTIMIZATION_TECHNIQUE     ; Speed                                                     ; Balanced                     ; --          ; --             ;
; USE_GENERATED_PHYSICAL_CONSTRAINTS ; Off                                                       ; --                           ; --          ; eda_blast_fpga ;
+------------------------------------+-----------------------------------------------------------+------------------------------+-------------+----------------+


+-----------------------------------------------------------------------------------------------------------------------------+
; Flow Elapsed Time                                                                                                           ;
+-------------------------+--------------+-------------------------+---------------------+------------------------------------+
; Module Name             ; Elapsed Time ; Average Processors Used ; Peak Virtual Memory ; Total CPU Time (on all processors) ;
+-------------------------+--------------+-------------------------+---------------------+------------------------------------+
; Analysis & Synthesis    ; 00:00:03     ; 1.0                     ; 186 MB              ; 00:00:02                           ;
; Fitter                  ; 00:00:02     ; 1.0                     ; 156 MB              ; 00:00:02                           ;
; Assembler               ; 00:00:01     ; 1.0                     ; 152 MB              ; 00:00:01                           ;
; Classic Timing Analyzer ; 00:00:00     ; 1.0                     ; 102 MB              ; 00:00:00                           ;
; Design Assistant        ; 00:00:00     ; 1.0                     ; 103 MB              ; 00:00:00                           ;
; Fitter                  ; 00:00:02     ; 1.0                     ; 160 MB              ; 00:00:02                           ;
; Assembler               ; 00:00:01     ; 1.0                     ; 152 MB              ; 00:00:01                           ;
; Classic Timing Analyzer ; 00:00:00     ; 1.0                     ; 102 MB              ; 00:00:00                           ;
; Design Assistant        ; 00:00:00     ; 1.0                     ; 104 MB              ; 00:00:00                           ;
; Total                   ; 00:00:09     ; --                      ; --                  ; 00:00:08                           ;
+-------------------------+--------------+-------------------------+---------------------+------------------------------------+


+------------------------------------------------------------------------------------------+
; Flow OS Summary                                                                          ;
+-------------------------+------------------+---------------+------------+----------------+
; Module Name             ; Machine Hostname ; OS Name       ; OS Version ; Processor type ;
+-------------------------+------------------+---------------+------------+----------------+
; Analysis & Synthesis    ; mbp-de-alberto   ; Windows Vista ; 6.2        ; x86_64         ;
; Fitter                  ; mbp-de-alberto   ; Windows Vista ; 6.2        ; x86_64         ;
; Assembler               ; mbp-de-alberto   ; Windows Vista ; 6.2        ; x86_64         ;
; Classic Timing Analyzer ; mbp-de-alberto   ; Windows Vista ; 6.2        ; x86_64         ;
; Design Assistant        ; mbp-de-alberto   ; Windows Vista ; 6.2        ; x86_64         ;
; Fitter                  ; mbp-de-alberto   ; Windows Vista ; 6.2        ; x86_64         ;
; Assembler               ; mbp-de-alberto   ; Windows Vista ; 6.2        ; x86_64         ;
; Classic Timing Analyzer ; mbp-de-alberto   ; Windows Vista ; 6.2        ; x86_64         ;
; Design Assistant        ; mbp-de-alberto   ; Windows Vista ; 6.2        ; x86_64         ;
+-------------------------+------------------+---------------+------------+----------------+


------------
; Flow Log ;
------------
quartus_map --read_settings_files=on --write_settings_files=off dram-controller -c top
quartus_fit --read_settings_files=off --write_settings_files=off dram-controller -c top
quartus_asm --read_settings_files=off --write_settings_files=off dram-controller -c top
quartus_tan --read_settings_files=off --write_settings_files=off dram-controller -c top
quartus_drc --read_settings_files=off --write_settings_files=off dram-controller -c top
quartus_fit --read_settings_files=on --write_settings_files=off dram-controller -c top
quartus_asm --read_settings_files=off --write_settings_files=off dram-controller -c top
quartus_tan --read_settings_files=off --write_settings_files=off dram-controller -c top
quartus_drc --read_settings_files=off --write_settings_files=off dram-controller -c top



